root@eltex-practice2-v38:~# cat cuckoo.log
2026-07-14 13:37:53 Startup!
2026-07-14 13:38:27 Shutdown!
2026-07-14 13:41:42 Startup!
2026-07-14 13:44:33 Startup!
2026-07-14 13:53:22 Startup!
2026-07-14 13:56:57 Shutdown!
2026-07-14 14:05:19 Startup!
2026-07-14 14:05:42 test_client_cuckoo.sh[19954] 7
2026-07-14 14:05:54 test_client_cuckoo.sh[19956] 7
2026-07-14 14:06:20 test_client_cuckoo.sh[19959] 3
2026-07-14 14:13:48 Shutdown!
2026-07-14 16:52:44 Shutdown!
2026-07-14 17:01:09 Startup!
2026-07-14 17:01:12 Shutdown!
2026-07-14 17:01:27 Startup!
2026-07-14 17:12:11 Shutdown!
2026-07-14 17:12:18 Startup!
2026-07-14 17:15:01 task1_worker.sh[21193] 6
2026-07-14 17:15:02 task2_worker.sh[21206] 8
2026-07-14 17:15:03 task3_worker.sh[21219] 6
2026-07-14 17:15:04 task4_worker.sh[21232] 9
2026-07-14 17:15:05 task5_worker.sh[21247] 2
2026-07-14 17:15:08 Shutdown!
2026-07-14 17:15:15 Startup!
2026-07-14 17:16:01 task1_worker.sh[21304] 8
2026-07-14 17:16:02 task2_worker.sh[21317] 7
2026-07-14 17:16:03 task3_worker.sh[21330] 6
2026-07-14 17:16:04 task4_worker.sh[21343] 6
2026-07-14 17:16:05 task5_worker.sh[21356] 6
2026-07-14 17:17:01 task1_worker.sh[21383] 5
2026-07-14 17:17:02 task2_worker.sh[21396] 4
2026-07-14 17:17:03 task3_worker.sh[21409] 7
2026-07-14 17:17:04 task4_worker.sh[21422] 5
2026-07-14 17:17:05 task5_worker.sh[21435] 6
2026-07-14 17:18:01 task1_worker.sh[21458] 7
2026-07-14 17:18:02 task2_worker.sh[21471] 10
2026-07-14 17:18:03 task3_worker.sh[21484] 6
2026-07-14 17:18:04 task4_worker.sh[21497] 10
2026-07-14 17:18:05 task5_worker.sh[21510] 6
2026-07-14 17:19:01 task1_worker.sh[21533] 4
2026-07-14 17:19:02 task2_worker.sh[21548] 8
2026-07-14 17:19:03 task3_worker.sh[21561] 6
2026-07-14 17:19:04 task4_worker.sh[21574] 8
2026-07-14 17:19:05 task5_worker.sh[21588] 7
2026-07-14 17:20:01 task1_worker.sh[21620] 10
2026-07-14 17:20:02 task2_worker.sh[21633] 7
2026-07-14 17:20:03 task3_worker.sh[21646] 9
2026-07-14 17:20:04 task4_worker.sh[21659] 6
2026-07-14 17:20:06 task5_worker.sh[21672] 4
2026-07-14 17:21:01 task1_worker.sh[21696] 4
2026-07-14 17:21:02 task2_worker.sh[21709] 3
2026-07-14 17:21:03 task3_worker.sh[21722] 6
2026-07-14 17:21:04 task4_worker.sh[21735] 10
2026-07-14 17:21:05 task5_worker.sh[21750] 2
2026-07-14 17:22:01 task1_worker.sh[21771] 5
2026-07-14 17:22:02 task2_worker.sh[21784] 5
2026-07-14 17:22:03 task3_worker.sh[21797] 10
2026-07-14 17:22:04 task4_worker.sh[21810] 8
2026-07-14 17:22:05 task5_worker.sh[21823] 9
2026-07-14 17:23:01 task1_worker.sh[21848] 8
2026-07-14 17:23:02 task2_worker.sh[21862] 9
2026-07-14 17:23:03 task3_worker.sh[21875] 7
2026-07-14 17:23:04 task4_worker.sh[21888] 9
2026-07-14 17:23:05 task5_worker.sh[21901] 4
2026-07-14 17:23:37 Shutdown!
2026-07-14 17:23:42 Startup!
2026-07-14 17:24:01 task1_worker.sh[21964] 4
2026-07-14 17:24:02 task2_worker.sh[21977] 6
2026-07-14 17:24:03 task3_worker.sh[21990] 5
2026-07-14 17:24:04 task4_worker.sh[22003] 4
2026-07-14 17:24:05 task5_worker.sh[22017] 5
2026-07-14 17:24:30 Shutdown!
2026-07-14 17:28:40 Startup!
2026-07-14 17:29:01 task1_worker.sh[22225] 6
2026-07-14 17:29:02 task2_worker.sh[22238] 5
2026-07-14 17:29:03 task3_worker.sh[22251] 5
2026-07-14 17:29:04 task4_worker.sh[22264] 4
2026-07-14 17:29:05 task5_worker.sh[22277] 8
2026-07-14 17:30:01 task1_worker.sh[22311] 6
2026-07-14 17:30:02 task2_worker.sh[22324] 5
2026-07-14 17:30:03 task3_worker.sh[22337] 8
2026-07-14 17:30:04 task4_worker.sh[22350] 6
2026-07-14 17:30:05 task5_worker.sh[22363] 6
2026-07-14 17:30:35 Shutdown!
